<?xml version="1.0" encoding="UTF-8"?>
<!-- Generated by org.testng.reporters.JUnitXMLReporter -->
<testsuite ignored="1" hostname="DESKTOP-RTGTF08" failures="1" tests="4" name="Test(failed)(failed)" time="0.173" errors="0" timestamp="2021-11-07T19:10:27 IST">
  <testcase classname="com.qa.orange.retry.TestClass" name="testMethod2" time="0.046">
    <skipped/>
  </testcase> <!-- testMethod2 -->
  <testcase classname="com.qa.orange.retry.TestClass" name="testMethod2" time="0.012">
    <skipped/>
  </testcase> <!-- testMethod2 -->
  <testcase classname="com.qa.orange.retry.TestClass" name="testMethod2" time="0.004">
    <skipped/>
  </testcase> <!-- testMethod2 -->
  <testcase classname="com.qa.orange.retry.TestClass" name="testMethod2" time="0.004">
    <failure type="java.lang.NullPointerException" message="Cannot invoke &amp;quot;org.openqa.selenium.WebDriver.findElement(org.openqa.selenium.By)&amp;quot; because &amp;quot;this.driver&amp;quot; is null">
      <![CDATA[java.lang.NullPointerException: Cannot invoke "org.openqa.selenium.WebDriver.findElement(org.openqa.selenium.By)" because "this.driver" is null
at com.qa.orange.retry.TestClass.testMethod2(TestClass.java:30)
at java.base/java.util.ArrayList.forEach(ArrayList.java:1511)
... Removed 27 stack frames]]>
    </failure>
  </testcase> <!-- testMethod2 -->
  <testcase classname="com.qa.orange.retry.TestClass" name="testMethod" time="0.0">
    <ignored/>
  </testcase> <!-- testMethod -->
</testsuite> <!-- Test(failed)(failed) -->
